# JRE version: Java(TM) SE Runtime Environment (8.0_152-b16) (build 1.8.0_152-b16)
# Java VM: Java HotSpot(TM) 64-Bit Server VM (25.152-b16 mixed mode windows-amd64 compressed oops)
Heap:
 PSYoungGen      total 101888K, used 31831K [0x000000076b800000, 0x0000000774600000, 0x00000007c0000000)
  eden space 97280K, 27% used [0x000000076b800000,0x000000076d2960e0,0x0000000771700000)
  from space 4608K, 99% used [0x0000000774180000,0x00000007745ffe68,0x0000000774600000)
  to   space 10752K, 0% used [0x0000000773100000,0x0000000773100000,0x0000000773b80000)
 ParOldGen       total 103424K, used 8319K [0x00000006c2800000, 0x00000006c8d00000, 0x000000076b800000)
  object space 103424K, 8% used [0x00000006c2800000,0x00000006c301fee8,0x00000006c8d00000)
 Metaspace       used 25681K, capacity 26566K, committed 26752K, reserved 1073152K
  class space    used 3450K, capacity 3657K, committed 3712K, reserved 1048576K
GC Heap History (10 events):
Event: 2.663 GC heap before
{Heap before GC invocations=1 (full 0):
 PSYoungGen      total 75776K, used 65024K [0x000000076b800000, 0x0000000770c80000, 0x00000007c0000000)
  eden space 65024K, 100% used [0x000000076b800000,0x000000076f780000,0x000000076f780000)
  from space 10752K, 0% used [0x0000000770200000,0x0000000770200000,0x0000000770c80000)
  to   space 10752K, 0% used [0x000000076f780000,0x000000076f780000,0x0000000770200000)
 ParOldGen       total 173568K, used 0K [0x00000006c2800000, 0x00000006cd180000, 0x000000076b800000)
  object space 173568K, 0% used [0x00000006c2800000,0x00000006c2800000,0x00000006cd180000)
 Metaspace       used 12746K, capacity 13072K, committed 13184K, reserved 1060864K
  class space    used 1553K, capacity 1646K, committed 1664K, reserved 1048576K
Event: 2.672 GC heap after
Heap after GC invocations=1 (full 0):
 PSYoungGen      total 75776K, used 7034K [0x000000076b800000, 0x0000000770c80000, 0x00000007c0000000)
  eden space 65024K, 0% used [0x000000076b800000,0x000000076b800000,0x000000076f780000)
  from space 10752K, 65% used [0x000000076f780000,0x000000076fe5e9a0,0x0000000770200000)
  to   space 10752K, 0% used [0x0000000770200000,0x0000000770200000,0x0000000770c80000)
 ParOldGen       total 173568K, used 8K [0x00000006c2800000, 0x00000006cd180000, 0x000000076b800000)
  object space 173568K, 0% used [0x00000006c2800000,0x00000006c2802000,0x00000006cd180000)
 Metaspace       used 12746K, capacity 13072K, committed 13184K, reserved 1060864K
  class space    used 1553K, capacity 1646K, committed 1664K, reserved 1048576K
}
Event: 3.209 GC heap before
{Heap before GC invocations=2 (full 0):
 PSYoungGen      total 75776K, used 72058K [0x000000076b800000, 0x0000000770c80000, 0x00000007c0000000)
  eden space 65024K, 100% used [0x000000076b800000,0x000000076f780000,0x000000076f780000)
  from space 10752K, 65% used [0x000000076f780000,0x000000076fe5e9a0,0x0000000770200000)
  to   space 10752K, 0% used [0x0000000770200000,0x0000000770200000,0x0000000770c80000)
 ParOldGen       total 173568K, used 8K [0x00000006c2800000, 0x00000006cd180000, 0x000000076b800000)
  object space 173568K, 0% used [0x00000006c2800000,0x00000006c2802000,0x00000006cd180000)
 Metaspace       used 16397K, capacity 16822K, committed 17152K, reserved 1064960K
  class space    used 2085K, capacity 2211K, committed 2304K, reserved 1048576K
Event: 3.218 GC heap after
Heap after GC invocations=2 (full 0):
 PSYoungGen      total 75776K, used 8062K [0x000000076b800000, 0x0000000770c80000, 0x00000007c0000000)
  eden space 65024K, 0% used [0x000000076b800000,0x000000076b800000,0x000000076f780000)
  from space 10752K, 74% used [0x0000000770200000,0x00000007709df978,0x0000000770c80000)
  to   space 10752K, 0% used [0x000000076f780000,0x000000076f780000,0x0000000770200000)
 ParOldGen       total 173568K, used 16K [0x00000006c2800000, 0x00000006cd180000, 0x000000076b800000)
  object space 173568K, 0% used [0x00000006c2800000,0x00000006c2804000,0x00000006cd180000)
 Metaspace       used 16397K, capacity 16822K, committed 17152K, reserved 1064960K
  class space    used 2085K, capacity 2211K, committed 2304K, reserved 1048576K
}
Event: 4.759 GC heap before
{Heap before GC invocations=3 (full 0):
 PSYoungGen      total 75776K, used 63583K [0x000000076b800000, 0x0000000770c80000, 0x00000007c0000000)
  eden space 65024K, 85% used [0x000000076b800000,0x000000076ee382c0,0x000000076f780000)
  from space 10752K, 74% used [0x0000000770200000,0x00000007709df978,0x0000000770c80000)
  to   space 10752K, 0% used [0x000000076f780000,0x000000076f780000,0x0000000770200000)
 ParOldGen       total 173568K, used 16K [0x00000006c2800000, 0x00000006cd180000, 0x000000076b800000)
  object space 173568K, 0% used [0x00000006c2800000,0x00000006c2804000,0x00000006cd180000)
 Metaspace       used 20561K, capacity 21194K, committed 21296K, reserved 1067008K
  class space    used 2701K, capacity 2891K, committed 2944K, reserved 1048576K
Event: 4.780 GC heap after
Heap after GC invocations=3 (full 0):
 PSYoungGen      total 75776K, used 8482K [0x000000076b800000, 0x0000000774c00000, 0x00000007c0000000)
  eden space 65024K, 0% used [0x000000076b800000,0x000000076b800000,0x000000076f780000)
  from space 10752K, 78% used [0x000000076f780000,0x000000076ffc8ae8,0x0000000770200000)
  to   space 10752K, 0% used [0x0000000774180000,0x0000000774180000,0x0000000774c00000)
 ParOldGen       total 173568K, used 88K [0x00000006c2800000, 0x00000006cd180000, 0x000000076b800000)
  object space 173568K, 0% used [0x00000006c2800000,0x00000006c2816010,0x00000006cd180000)
 Metaspace       used 20561K, capacity 21194K, committed 21296K, reserved 1067008K
  class space    used 2701K, capacity 2891K, committed 2944K, reserved 1048576K
}
Event: 4.781 GC heap before
{Heap before GC invocations=4 (full 1):
 PSYoungGen      total 75776K, used 8482K [0x000000076b800000, 0x0000000774c00000, 0x00000007c0000000)
  eden space 65024K, 0% used [0x000000076b800000,0x000000076b800000,0x000000076f780000)
  from space 10752K, 78% used [0x000000076f780000,0x000000076ffc8ae8,0x0000000770200000)
  to   space 10752K, 0% used [0x0000000774180000,0x0000000774180000,0x0000000774c00000)
 ParOldGen       total 173568K, used 88K [0x00000006c2800000, 0x00000006cd180000, 0x000000076b800000)
  object space 173568K, 0% used [0x00000006c2800000,0x00000006c2816010,0x00000006cd180000)
 Metaspace       used 20561K, capacity 21194K, committed 21296K, reserved 1067008K
  class space    used 2701K, capacity 2891K, committed 2944K, reserved 1048576K
Event: 4.823 GC heap after
Heap after GC invocations=4 (full 1):
 PSYoungGen      total 75776K, used 0K [0x000000076b800000, 0x0000000774c00000, 0x00000007c0000000)
  eden space 65024K, 0% used [0x000000076b800000,0x000000076b800000,0x000000076f780000)
  from space 10752K, 0% used [0x000000076f780000,0x000000076f780000,0x0000000770200000)
  to   space 10752K, 0% used [0x0000000774180000,0x0000000774180000,0x0000000774c00000)
 ParOldGen       total 103424K, used 8311K [0x00000006c2800000, 0x00000006c8d00000, 0x000000076b800000)
  object space 103424K, 8% used [0x00000006c2800000,0x00000006c301dee8,0x00000006c8d00000)
 Metaspace       used 20561K, capacity 21194K, committed 21296K, reserved 1067008K
  class space    used 2701K, capacity 2891K, committed 2944K, reserved 1048576K
}
Event: 6.293 GC heap before
{Heap before GC invocations=5 (full 1):
 PSYoungGen      total 75776K, used 65024K [0x000000076b800000, 0x0000000774c00000, 0x00000007c0000000)
  eden space 65024K, 100% used [0x000000076b800000,0x000000076f780000,0x000000076f780000)
  from space 10752K, 0% used [0x000000076f780000,0x000000076f780000,0x0000000770200000)
  to   space 10752K, 0% used [0x0000000774180000,0x0000000774180000,0x0000000774c00000)
 ParOldGen       total 103424K, used 8311K [0x00000006c2800000, 0x00000006c8d00000, 0x000000076b800000)
  object space 103424K, 8% used [0x00000006c2800000,0x00000006c301dee8,0x00000006c8d00000)
 Metaspace       used 23974K, capacity 24838K, committed 24960K, reserved 1071104K
  class space    used 3201K, capacity 3425K, committed 3456K, reserved 1048576K
Event: 6.298 GC heap after
Heap after GC invocations=5 (full 1):
 PSYoungGen      total 101888K, used 4607K [0x000000076b800000, 0x0000000774600000, 0x00000007c0000000)
  eden space 97280K, 0% used [0x000000076b800000,0x000000076b800000,0x0000000771700000)
  from space 4608K, 99% used [0x0000000774180000,0x00000007745ffe68,0x0000000774600000)
  to   space 10752K, 0% used [0x0000000773100000,0x0000000773100000,0x0000000773b80000)
 ParOldGen       total 103424K, used 8319K [0x00000006c2800000, 0x00000006c8d00000, 0x000000076b800000)
  object space 103424K, 8% used [0x00000006c2800000,0x00000006c301fee8,0x00000006c8d00000)
 Metaspace       used 23974K, capacity 24838K, committed 24960K, reserved 1071104K
  class space    used 3201K, capacity 3425K, committed 3456K, reserved 1048576K
}

