# JRE version: Java(TM) SE Runtime Environment (8.0_152-b16) (build 1.8.0_152-b16)
# Java VM: Java HotSpot(TM) 64-Bit Server VM (25.152-b16 mixed mode windows-amd64 compressed oops)
Heap:
 PSYoungGen      total 75776K, used 47796K [0x000000076b800000, 0x0000000770c80000, 0x00000007c0000000)
  eden space 65024K, 66% used [0x000000076b800000,0x000000076e27c068,0x000000076f780000)
  from space 10752K, 39% used [0x000000076f780000,0x000000076fbb11e8,0x0000000770200000)
  to   space 10752K, 0% used [0x0000000770200000,0x0000000770200000,0x0000000770c80000)
 ParOldGen       total 89600K, used 6914K [0x00000006c2800000, 0x00000006c7f80000, 0x000000076b800000)
  object space 89600K, 7% used [0x00000006c2800000,0x00000006c2ec0be0,0x00000006c7f80000)
 Metaspace       used 26269K, capacity 27222K, committed 27392K, reserved 1073152K
  class space    used 3524K, capacity 3740K, committed 3840K, reserved 1048576K
GC Heap History (10 events):
Event: 3.580 GC heap before
{Heap before GC invocations=2 (full 0):
 PSYoungGen      total 75776K, used 74821K [0x000000076b800000, 0x0000000770c80000, 0x00000007c0000000)
  eden space 65024K, 100% used [0x000000076b800000,0x000000076f780000,0x000000076f780000)
  from space 10752K, 91% used [0x000000076f780000,0x0000000770111548,0x0000000770200000)
  to   space 10752K, 0% used [0x0000000770200000,0x0000000770200000,0x0000000770c80000)
 ParOldGen       total 173568K, used 16K [0x00000006c2800000, 0x00000006cd180000, 0x000000076b800000)
  object space 173568K, 0% used [0x00000006c2800000,0x00000006c2804000,0x00000006cd180000)
 Metaspace       used 14286K, capacity 14690K, committed 14848K, reserved 1062912K
  class space    used 1848K, capacity 1968K, committed 2048K, reserved 1048576K
Event: 3.590 GC heap after
Heap after GC invocations=2 (full 0):
 PSYoungGen      total 75776K, used 7167K [0x000000076b800000, 0x0000000770c80000, 0x00000007c0000000)
  eden space 65024K, 0% used [0x000000076b800000,0x000000076b800000,0x000000076f780000)
  from space 10752K, 66% used [0x0000000770200000,0x00000007708ffee8,0x0000000770c80000)
  to   space 10752K, 0% used [0x000000076f780000,0x000000076f780000,0x0000000770200000)
 ParOldGen       total 173568K, used 24K [0x00000006c2800000, 0x00000006cd180000, 0x000000076b800000)
  object space 173568K, 0% used [0x00000006c2800000,0x00000006c2806000,0x00000006cd180000)
 Metaspace       used 14286K, capacity 14690K, committed 14848K, reserved 1062912K
  class space    used 1848K, capacity 1968K, committed 2048K, reserved 1048576K
}
Event: 5.179 GC heap before
{Heap before GC invocations=3 (full 0):
 PSYoungGen      total 75776K, used 72191K [0x000000076b800000, 0x0000000770c80000, 0x00000007c0000000)
  eden space 65024K, 100% used [0x000000076b800000,0x000000076f780000,0x000000076f780000)
  from space 10752K, 66% used [0x0000000770200000,0x00000007708ffee8,0x0000000770c80000)
  to   space 10752K, 0% used [0x000000076f780000,0x000000076f780000,0x0000000770200000)
 ParOldGen       total 173568K, used 24K [0x00000006c2800000, 0x00000006cd180000, 0x000000076b800000)
  object space 173568K, 0% used [0x00000006c2800000,0x00000006c2806000,0x00000006cd180000)
 Metaspace       used 19639K, capacity 20222K, committed 20480K, reserved 1067008K
  class space    used 2535K, capacity 2704K, committed 2816K, reserved 1048576K
Event: 5.186 GC heap after
Heap after GC invocations=3 (full 0):
 PSYoungGen      total 75776K, used 9849K [0x000000076b800000, 0x0000000770c80000, 0x00000007c0000000)
  eden space 65024K, 0% used [0x000000076b800000,0x000000076b800000,0x000000076f780000)
  from space 10752K, 91% used [0x000000076f780000,0x000000077011e6f8,0x0000000770200000)
  to   space 10752K, 0% used [0x0000000770200000,0x0000000770200000,0x0000000770c80000)
 ParOldGen       total 173568K, used 96K [0x00000006c2800000, 0x00000006cd180000, 0x000000076b800000)
  object space 173568K, 0% used [0x00000006c2800000,0x00000006c2818010,0x00000006cd180000)
 Metaspace       used 19639K, capacity 20222K, committed 20480K, reserved 1067008K
  class space    used 2535K, capacity 2704K, committed 2816K, reserved 1048576K
}
Event: 5.312 GC heap before
{Heap before GC invocations=4 (full 0):
 PSYoungGen      total 75776K, used 26038K [0x000000076b800000, 0x0000000770c80000, 0x00000007c0000000)
  eden space 65024K, 24% used [0x000000076b800000,0x000000076c7cf3e8,0x000000076f780000)
  from space 10752K, 91% used [0x000000076f780000,0x000000077011e6f8,0x0000000770200000)
  to   space 10752K, 0% used [0x0000000770200000,0x0000000770200000,0x0000000770c80000)
 ParOldGen       total 173568K, used 96K [0x00000006c2800000, 0x00000006cd180000, 0x000000076b800000)
  object space 173568K, 0% used [0x00000006c2800000,0x00000006c2818010,0x00000006cd180000)
 Metaspace       used 20534K, capacity 21222K, committed 21296K, reserved 1067008K
  class space    used 2698K, capacity 2898K, committed 2944K, reserved 1048576K
Event: 5.317 GC heap after
Heap after GC invocations=4 (full 0):
 PSYoungGen      total 75776K, used 7037K [0x000000076b800000, 0x0000000770c80000, 0x00000007c0000000)
  eden space 65024K, 0% used [0x000000076b800000,0x000000076b800000,0x000000076f780000)
  from space 10752K, 65% used [0x0000000770200000,0x00000007708df6b8,0x0000000770c80000)
  to   space 10752K, 0% used [0x000000076f780000,0x000000076f780000,0x0000000770200000)
 ParOldGen       total 173568K, used 104K [0x00000006c2800000, 0x00000006cd180000, 0x000000076b800000)
  object space 173568K, 0% used [0x00000006c2800000,0x00000006c281a010,0x00000006cd180000)
 Metaspace       used 20534K, capacity 21222K, committed 21296K, reserved 1067008K
  class space    used 2698K, capacity 2898K, committed 2944K, reserved 1048576K
}
Event: 5.317 GC heap before
{Heap before GC invocations=5 (full 1):
 PSYoungGen      total 75776K, used 7037K [0x000000076b800000, 0x0000000770c80000, 0x00000007c0000000)
  eden space 65024K, 0% used [0x000000076b800000,0x000000076b800000,0x000000076f780000)
  from space 10752K, 65% used [0x0000000770200000,0x00000007708df6b8,0x0000000770c80000)
  to   space 10752K, 0% used [0x000000076f780000,0x000000076f780000,0x0000000770200000)
 ParOldGen       total 173568K, used 104K [0x00000006c2800000, 0x00000006cd180000, 0x000000076b800000)
  object space 173568K, 0% used [0x00000006c2800000,0x00000006c281a010,0x00000006cd180000)
 Metaspace       used 20534K, capacity 21222K, committed 21296K, reserved 1067008K
  class space    used 2698K, capacity 2898K, committed 2944K, reserved 1048576K
Event: 5.349 GC heap after
Heap after GC invocations=5 (full 1):
 PSYoungGen      total 75776K, used 0K [0x000000076b800000, 0x0000000770c80000, 0x00000007c0000000)
  eden space 65024K, 0% used [0x000000076b800000,0x000000076b800000,0x000000076f780000)
  from space 10752K, 0% used [0x0000000770200000,0x0000000770200000,0x0000000770c80000)
  to   space 10752K, 0% used [0x000000076f780000,0x000000076f780000,0x0000000770200000)
 ParOldGen       total 89600K, used 6906K [0x00000006c2800000, 0x00000006c7f80000, 0x000000076b800000)
  object space 89600K, 7% used [0x00000006c2800000,0x00000006c2ebebe0,0x00000006c7f80000)
 Metaspace       used 20532K, capacity 21216K, committed 21296K, reserved 1067008K
  class space    used 2697K, capacity 2897K, committed 2944K, reserved 1048576K
}
Event: 5.857 GC heap before
{Heap before GC invocations=6 (full 1):
 PSYoungGen      total 75776K, used 65024K [0x000000076b800000, 0x0000000770c80000, 0x00000007c0000000)
  eden space 65024K, 100% used [0x000000076b800000,0x000000076f780000,0x000000076f780000)
  from space 10752K, 0% used [0x0000000770200000,0x0000000770200000,0x0000000770c80000)
  to   space 10752K, 0% used [0x000000076f780000,0x000000076f780000,0x0000000770200000)
 ParOldGen       total 89600K, used 6906K [0x00000006c2800000, 0x00000006c7f80000, 0x000000076b800000)
  object space 89600K, 7% used [0x00000006c2800000,0x00000006c2ebebe0,0x00000006c7f80000)
 Metaspace       used 23716K, capacity 24632K, committed 24704K, reserved 1071104K
  class space    used 3156K, capacity 3385K, committed 3456K, reserved 1048576K
Event: 5.861 GC heap after
Heap after GC invocations=6 (full 1):
 PSYoungGen      total 75776K, used 4292K [0x000000076b800000, 0x0000000770c80000, 0x00000007c0000000)
  eden space 65024K, 0% used [0x000000076b800000,0x000000076b800000,0x000000076f780000)
  from space 10752K, 39% used [0x000000076f780000,0x000000076fbb11e8,0x0000000770200000)
  to   space 10752K, 0% used [0x0000000770200000,0x0000000770200000,0x0000000770c80000)
 ParOldGen       total 89600K, used 6914K [0x00000006c2800000, 0x00000006c7f80000, 0x000000076b800000)
  object space 89600K, 7% used [0x00000006c2800000,0x00000006c2ec0be0,0x00000006c7f80000)
 Metaspace       used 23716K, capacity 24632K, committed 24704K, reserved 1071104K
  class space    used 3156K, capacity 3385K, committed 3456K, reserved 1048576K
}

